2019-05-15 15:04:11,938 [INFO] from play.api.db.DefaultDBApi in play-dev-mode-akka.actor.default-dispatcher-10 - Database [default] initialized at jdbc:sqlite:db/pizza-papa.sqlite
2019-05-15 15:04:11,943 [INFO] from application in play-dev-mode-akka.actor.default-dispatcher-10 - Creating Pool for datasource 'default'
2019-05-15 15:04:12,869 [WARN] from org.hibernate.validator.messageinterpolation.ParameterMessageInterpolator in play-dev-mode-akka.actor.default-dispatcher-10 - HV000184: ParameterMessageInterpolator has been chosen, EL interpolation will not be supported
2019-05-15 15:04:12,998 [INFO] from play.api.http.EnabledFilters in play-dev-mode-akka.actor.default-dispatcher-10 - Enabled Filters (see <https://www.playframework.com/documentation/latest/Filters>):

    play.filters.csrf.CSRFFilter
    play.filters.hosts.AllowedHostsFilter

2019-05-15 15:04:13,004 [INFO] from play.api.Play in play-dev-mode-akka.actor.default-dispatcher-10 - Application started (Dev)
2019-05-15 15:05:05,377 [ERROR] from application in application-akka.actor.default-dispatcher-5 - 

! @7bp58ach4 - Internal server error, for (POST) [/register] ->
 
play.api.http.HttpErrorHandlerExceptions$$anon$1: Execution exception[[IllegalStateException: JSR-303 validated property 'email' does not have a corresponding accessor for data binding - check your DataBinder's configuration (bean property versus direct field access)]]
	at play.api.http.HttpErrorHandlerExceptions$.throwableToUsefulException(HttpErrorHandler.scala:251)
	at play.api.http.DefaultHttpErrorHandler.onServerError(HttpErrorHandler.scala:178)
	at play.core.server.AkkaHttpServer$$anonfun$1.applyOrElse(AkkaHttpServer.scala:363)
	at play.core.server.AkkaHttpServer$$anonfun$1.applyOrElse(AkkaHttpServer.scala:361)
	at scala.concurrent.Future.$anonfun$recoverWith$1(Future.scala:414)
	at scala.concurrent.impl.Promise.$anonfun$transformWith$1(Promise.scala:37)
	at scala.concurrent.impl.CallbackRunnable.run(Promise.scala:60)
	at akka.dispatch.BatchingExecutor$AbstractBatch.processBatch(BatchingExecutor.scala:55)
	at akka.dispatch.BatchingExecutor$BlockableBatch.$anonfun$run$1(BatchingExecutor.scala:91)
	at scala.runtime.java8.JFunction0$mcV$sp.apply(JFunction0$mcV$sp.java:12)
	at scala.concurrent.BlockContext$.withBlockContext(BlockContext.scala:81)
	at akka.dispatch.BatchingExecutor$BlockableBatch.run(BatchingExecutor.scala:91)
	at akka.dispatch.TaskInvocation.run(AbstractDispatcher.scala:40)
	at akka.dispatch.ForkJoinExecutorConfigurator$AkkaForkJoinTask.exec(ForkJoinExecutorConfigurator.scala:43)
	at akka.dispatch.forkjoin.ForkJoinTask.doExec(ForkJoinTask.java:260)
	at akka.dispatch.forkjoin.ForkJoinPool$WorkQueue.runTask(ForkJoinPool.java:1339)
	at akka.dispatch.forkjoin.ForkJoinPool.runWorker(ForkJoinPool.java:1979)
	at akka.dispatch.forkjoin.ForkJoinWorkerThread.run(ForkJoinWorkerThread.java:107)
Caused by: java.lang.IllegalStateException: JSR-303 validated property 'email' does not have a corresponding accessor for data binding - check your DataBinder's configuration (bean property versus direct field access)
	at play.data.Form.addConstraintViolationToBindingResult(Form.java:456)
	at play.data.Form.lambda$bind$8(Form.java:540)
	at java.lang.Iterable.forEach(Unknown Source)
	at play.data.Form.bind(Form.java:540)
	at play.data.Form.bindFromRequest(Form.java:280)
	at controllers.UserController.save(UserController.java:136)
	at router.Routes$$anonfun$routes$1.$anonfun$applyOrElse$28(Routes.scala:920)
	at play.core.routing.HandlerInvokerFactory$$anon$3.resultCall(HandlerInvoker.scala:134)
	at play.core.routing.HandlerInvokerFactory$$anon$3.resultCall(HandlerInvoker.scala:133)
	at play.core.routing.HandlerInvokerFactory$JavaActionInvokerFactory$$anon$8$$anon$2$$anon$1.invocation(HandlerInvoker.scala:108)
	at play.core.j.JavaAction$$anon$1.call(JavaAction.scala:88)
	at play.http.DefaultActionCreator$1.call(DefaultActionCreator.java:31)
	at play.core.j.JavaAction.$anonfun$apply$8(JavaAction.scala:138)
	at scala.concurrent.Future$.$anonfun$apply$1(Future.scala:655)
	at scala.util.Success.$anonfun$map$1(Try.scala:251)
	at scala.util.Success.map(Try.scala:209)
	at scala.concurrent.Future.$anonfun$map$1(Future.scala:289)
	at scala.concurrent.impl.Promise.liftedTree1$1(Promise.scala:29)
	at scala.concurrent.impl.Promise.$anonfun$transform$1(Promise.scala:29)
	at scala.concurrent.impl.CallbackRunnable.run(Promise.scala:60)
	at play.core.j.HttpExecutionContext$$anon$2.run(HttpExecutionContext.scala:56)
	at play.api.libs.streams.Execution$trampoline$.execute(Execution.scala:70)
	at play.core.j.HttpExecutionContext.execute(HttpExecutionContext.scala:48)
	at scala.concurrent.impl.CallbackRunnable.executeWithValue(Promise.scala:68)
	at scala.concurrent.impl.Promise$KeptPromise$Kept.onComplete(Promise.scala:368)
	at scala.concurrent.impl.Promise$KeptPromise$Kept.onComplete$(Promise.scala:367)
	at scala.concurrent.impl.Promise$KeptPromise$Successful.onComplete(Promise.scala:375)
	at scala.concurrent.impl.Promise.transform(Promise.scala:29)
	at scala.concurrent.impl.Promise.transform$(Promise.scala:27)
	at scala.concurrent.impl.Promise$KeptPromise$Successful.transform(Promise.scala:375)
	at scala.concurrent.Future.map(Future.scala:289)
	at scala.concurrent.Future.map$(Future.scala:289)
	at scala.concurrent.impl.Promise$KeptPromise$Successful.map(Promise.scala:375)
	at scala.concurrent.Future$.apply(Future.scala:655)
	at play.core.j.JavaAction.apply(JavaAction.scala:138)
	at play.api.mvc.Action.$anonfun$apply$2(Action.scala:96)
	at scala.concurrent.Future.$anonfun$flatMap$1(Future.scala:304)
	... 13 common frames omitted
Caused by: org.springframework.beans.NotReadablePropertyException: Invalid property 'email' of bean class [models.User]: Bean property 'email' is not readable or has an invalid getter method: Does the return type of the getter match the parameter type of the setter?
	at org.springframework.beans.AbstractNestablePropertyAccessor.getPropertyValue(AbstractNestablePropertyAccessor.java:633)
	at org.springframework.beans.AbstractNestablePropertyAccessor.getPropertyValue(AbstractNestablePropertyAccessor.java:624)
	at org.springframework.validation.AbstractPropertyBindingResult.getActualFieldValue(AbstractPropertyBindingResult.java:99)
	at org.springframework.validation.AbstractBindingResult.rejectValue(AbstractBindingResult.java:108)
	at play.data.Form.addConstraintViolationToBindingResult(Form.java:448)
	... 49 common frames omitted
2019-05-15 15:05:32,960 [ERROR] from application in application-akka.actor.default-dispatcher-16 - 

! @7bp58c1c5 - Internal server error, for (POST) [/login] ->
 
play.api.http.HttpErrorHandlerExceptions$$anon$1: Execution exception[[NullPointerException: The id is null]]
	at play.api.http.HttpErrorHandlerExceptions$.throwableToUsefulException(HttpErrorHandler.scala:251)
	at play.api.http.DefaultHttpErrorHandler.onServerError(HttpErrorHandler.scala:178)
	at play.core.server.AkkaHttpServer$$anonfun$1.applyOrElse(AkkaHttpServer.scala:363)
	at play.core.server.AkkaHttpServer$$anonfun$1.applyOrElse(AkkaHttpServer.scala:361)
	at scala.concurrent.Future.$anonfun$recoverWith$1(Future.scala:414)
	at scala.concurrent.impl.Promise.$anonfun$transformWith$1(Promise.scala:37)
	at scala.concurrent.impl.CallbackRunnable.run(Promise.scala:60)
	at akka.dispatch.BatchingExecutor$AbstractBatch.processBatch(BatchingExecutor.scala:55)
	at akka.dispatch.BatchingExecutor$BlockableBatch.$anonfun$run$1(BatchingExecutor.scala:91)
	at scala.runtime.java8.JFunction0$mcV$sp.apply(JFunction0$mcV$sp.java:12)
	at scala.concurrent.BlockContext$.withBlockContext(BlockContext.scala:81)
	at akka.dispatch.BatchingExecutor$BlockableBatch.run(BatchingExecutor.scala:91)
	at akka.dispatch.TaskInvocation.run(AbstractDispatcher.scala:40)
	at akka.dispatch.ForkJoinExecutorConfigurator$AkkaForkJoinTask.exec(ForkJoinExecutorConfigurator.scala:43)
	at akka.dispatch.forkjoin.ForkJoinTask.doExec(ForkJoinTask.java:260)
	at akka.dispatch.forkjoin.ForkJoinPool$WorkQueue.runTask(ForkJoinPool.java:1339)
	at akka.dispatch.forkjoin.ForkJoinPool.runWorker(ForkJoinPool.java:1979)
	at akka.dispatch.forkjoin.ForkJoinWorkerThread.run(ForkJoinWorkerThread.java:107)
Caused by: java.lang.NullPointerException: The id is null
	at io.ebeaninternal.server.core.DefaultServer.find(DefaultServer.java:1058)
	at io.ebeaninternal.server.core.DefaultServer.find(DefaultServer.java:1048)
	at io.ebean.Finder.byId(Finder.java:148)
	at models.User.authenticate(User.java:63)
	at controllers.UserController.validate(UserController.java:108)
	at controllers.UserController.authenticate(UserController.java:90)
	at router.Routes$$anonfun$routes$1.$anonfun$applyOrElse$8(Routes.scala:860)
	at play.core.routing.HandlerInvokerFactory$$anon$3.resultCall(HandlerInvoker.scala:134)
	at play.core.routing.HandlerInvokerFactory$$anon$3.resultCall(HandlerInvoker.scala:133)
	at play.core.routing.HandlerInvokerFactory$JavaActionInvokerFactory$$anon$8$$anon$2$$anon$1.invocation(HandlerInvoker.scala:108)
	at play.core.j.JavaAction$$anon$1.call(JavaAction.scala:88)
	at play.http.DefaultActionCreator$1.call(DefaultActionCreator.java:31)
	at play.core.j.JavaAction.$anonfun$apply$8(JavaAction.scala:138)
	at scala.concurrent.Future$.$anonfun$apply$1(Future.scala:655)
	at scala.util.Success.$anonfun$map$1(Try.scala:251)
	at scala.util.Success.map(Try.scala:209)
	at scala.concurrent.Future.$anonfun$map$1(Future.scala:289)
	at scala.concurrent.impl.Promise.liftedTree1$1(Promise.scala:29)
	at scala.concurrent.impl.Promise.$anonfun$transform$1(Promise.scala:29)
	at scala.concurrent.impl.CallbackRunnable.run(Promise.scala:60)
	at play.core.j.HttpExecutionContext$$anon$2.run(HttpExecutionContext.scala:56)
	at play.api.libs.streams.Execution$trampoline$.execute(Execution.scala:70)
	at play.core.j.HttpExecutionContext.execute(HttpExecutionContext.scala:48)
	at scala.concurrent.impl.CallbackRunnable.executeWithValue(Promise.scala:68)
	at scala.concurrent.impl.Promise$KeptPromise$Kept.onComplete(Promise.scala:368)
	at scala.concurrent.impl.Promise$KeptPromise$Kept.onComplete$(Promise.scala:367)
	at scala.concurrent.impl.Promise$KeptPromise$Successful.onComplete(Promise.scala:375)
	at scala.concurrent.impl.Promise.transform(Promise.scala:29)
	at scala.concurrent.impl.Promise.transform$(Promise.scala:27)
	at scala.concurrent.impl.Promise$KeptPromise$Successful.transform(Promise.scala:375)
	at scala.concurrent.Future.map(Future.scala:289)
	at scala.concurrent.Future.map$(Future.scala:289)
	at scala.concurrent.impl.Promise$KeptPromise$Successful.map(Promise.scala:375)
	at scala.concurrent.Future$.apply(Future.scala:655)
	at play.core.j.JavaAction.apply(JavaAction.scala:138)
	at play.api.mvc.Action.$anonfun$apply$2(Action.scala:96)
	at scala.concurrent.Future.$anonfun$flatMap$1(Future.scala:304)
	... 13 common frames omitted
2019-05-15 15:06:38,562 [ERROR] from application in application-akka.actor.default-dispatcher-21 - 

! @7bp58fkd9 - Internal server error, for (POST) [/login] ->
 
play.api.http.HttpErrorHandlerExceptions$$anon$1: Execution exception[[NullPointerException: The id is null]]
	at play.api.http.HttpErrorHandlerExceptions$.throwableToUsefulException(HttpErrorHandler.scala:251)
	at play.api.http.DefaultHttpErrorHandler.onServerError(HttpErrorHandler.scala:178)
	at play.core.server.AkkaHttpServer$$anonfun$1.applyOrElse(AkkaHttpServer.scala:363)
	at play.core.server.AkkaHttpServer$$anonfun$1.applyOrElse(AkkaHttpServer.scala:361)
	at scala.concurrent.Future.$anonfun$recoverWith$1(Future.scala:414)
	at scala.concurrent.impl.Promise.$anonfun$transformWith$1(Promise.scala:37)
	at scala.concurrent.impl.CallbackRunnable.run(Promise.scala:60)
	at akka.dispatch.BatchingExecutor$AbstractBatch.processBatch(BatchingExecutor.scala:55)
	at akka.dispatch.BatchingExecutor$BlockableBatch.$anonfun$run$1(BatchingExecutor.scala:91)
	at scala.runtime.java8.JFunction0$mcV$sp.apply(JFunction0$mcV$sp.java:12)
	at scala.concurrent.BlockContext$.withBlockContext(BlockContext.scala:81)
	at akka.dispatch.BatchingExecutor$BlockableBatch.run(BatchingExecutor.scala:91)
	at akka.dispatch.TaskInvocation.run(AbstractDispatcher.scala:40)
	at akka.dispatch.ForkJoinExecutorConfigurator$AkkaForkJoinTask.exec(ForkJoinExecutorConfigurator.scala:43)
	at akka.dispatch.forkjoin.ForkJoinTask.doExec(ForkJoinTask.java:260)
	at akka.dispatch.forkjoin.ForkJoinPool$WorkQueue.runTask(ForkJoinPool.java:1339)
	at akka.dispatch.forkjoin.ForkJoinPool.runWorker(ForkJoinPool.java:1979)
	at akka.dispatch.forkjoin.ForkJoinWorkerThread.run(ForkJoinWorkerThread.java:107)
Caused by: java.lang.NullPointerException: The id is null
	at io.ebeaninternal.server.core.DefaultServer.find(DefaultServer.java:1058)
	at io.ebeaninternal.server.core.DefaultServer.find(DefaultServer.java:1048)
	at io.ebean.Finder.byId(Finder.java:148)
	at models.User.authenticate(User.java:63)
	at controllers.UserController.validate(UserController.java:108)
	at controllers.UserController.authenticate(UserController.java:90)
	at router.Routes$$anonfun$routes$1.$anonfun$applyOrElse$8(Routes.scala:860)
	at play.core.routing.HandlerInvokerFactory$$anon$3.resultCall(HandlerInvoker.scala:134)
	at play.core.routing.HandlerInvokerFactory$$anon$3.resultCall(HandlerInvoker.scala:133)
	at play.core.routing.HandlerInvokerFactory$JavaActionInvokerFactory$$anon$8$$anon$2$$anon$1.invocation(HandlerInvoker.scala:108)
	at play.core.j.JavaAction$$anon$1.call(JavaAction.scala:88)
	at play.http.DefaultActionCreator$1.call(DefaultActionCreator.java:31)
	at play.core.j.JavaAction.$anonfun$apply$8(JavaAction.scala:138)
	at scala.concurrent.Future$.$anonfun$apply$1(Future.scala:655)
	at scala.util.Success.$anonfun$map$1(Try.scala:251)
	at scala.util.Success.map(Try.scala:209)
	at scala.concurrent.Future.$anonfun$map$1(Future.scala:289)
	at scala.concurrent.impl.Promise.liftedTree1$1(Promise.scala:29)
	at scala.concurrent.impl.Promise.$anonfun$transform$1(Promise.scala:29)
	at scala.concurrent.impl.CallbackRunnable.run(Promise.scala:60)
	at play.core.j.HttpExecutionContext$$anon$2.run(HttpExecutionContext.scala:56)
	at play.api.libs.streams.Execution$trampoline$.execute(Execution.scala:70)
	at play.core.j.HttpExecutionContext.execute(HttpExecutionContext.scala:48)
	at scala.concurrent.impl.CallbackRunnable.executeWithValue(Promise.scala:68)
	at scala.concurrent.impl.Promise$KeptPromise$Kept.onComplete(Promise.scala:368)
	at scala.concurrent.impl.Promise$KeptPromise$Kept.onComplete$(Promise.scala:367)
	at scala.concurrent.impl.Promise$KeptPromise$Successful.onComplete(Promise.scala:375)
	at scala.concurrent.impl.Promise.transform(Promise.scala:29)
	at scala.concurrent.impl.Promise.transform$(Promise.scala:27)
	at scala.concurrent.impl.Promise$KeptPromise$Successful.transform(Promise.scala:375)
	at scala.concurrent.Future.map(Future.scala:289)
	at scala.concurrent.Future.map$(Future.scala:289)
	at scala.concurrent.impl.Promise$KeptPromise$Successful.map(Promise.scala:375)
	at scala.concurrent.Future$.apply(Future.scala:655)
	at play.core.j.JavaAction.apply(JavaAction.scala:138)
	at play.api.mvc.Action.$anonfun$apply$2(Action.scala:96)
	at scala.concurrent.Future.$anonfun$flatMap$1(Future.scala:304)
	... 13 common frames omitted
2019-05-15 15:09:38,946 [ERROR] from application in application-akka.actor.default-dispatcher-31 - 

! @7bp590195 - Internal server error, for (POST) [/login] ->
 
play.api.http.HttpErrorHandlerExceptions$$anon$1: Execution exception[[NullPointerException: The id is null]]
	at play.api.http.HttpErrorHandlerExceptions$.throwableToUsefulException(HttpErrorHandler.scala:251)
	at play.api.http.DefaultHttpErrorHandler.onServerError(HttpErrorHandler.scala:178)
	at play.core.server.AkkaHttpServer$$anonfun$1.applyOrElse(AkkaHttpServer.scala:363)
	at play.core.server.AkkaHttpServer$$anonfun$1.applyOrElse(AkkaHttpServer.scala:361)
	at scala.concurrent.Future.$anonfun$recoverWith$1(Future.scala:414)
	at scala.concurrent.impl.Promise.$anonfun$transformWith$1(Promise.scala:37)
	at scala.concurrent.impl.CallbackRunnable.run(Promise.scala:60)
	at akka.dispatch.BatchingExecutor$AbstractBatch.processBatch(BatchingExecutor.scala:55)
	at akka.dispatch.BatchingExecutor$BlockableBatch.$anonfun$run$1(BatchingExecutor.scala:91)
	at scala.runtime.java8.JFunction0$mcV$sp.apply(JFunction0$mcV$sp.java:12)
	at scala.concurrent.BlockContext$.withBlockContext(BlockContext.scala:81)
	at akka.dispatch.BatchingExecutor$BlockableBatch.run(BatchingExecutor.scala:91)
	at akka.dispatch.TaskInvocation.run(AbstractDispatcher.scala:40)
	at akka.dispatch.ForkJoinExecutorConfigurator$AkkaForkJoinTask.exec(ForkJoinExecutorConfigurator.scala:43)
	at akka.dispatch.forkjoin.ForkJoinTask.doExec(ForkJoinTask.java:260)
	at akka.dispatch.forkjoin.ForkJoinPool$WorkQueue.runTask(ForkJoinPool.java:1339)
	at akka.dispatch.forkjoin.ForkJoinPool.runWorker(ForkJoinPool.java:1979)
	at akka.dispatch.forkjoin.ForkJoinWorkerThread.run(ForkJoinWorkerThread.java:107)
Caused by: java.lang.NullPointerException: The id is null
	at io.ebeaninternal.server.core.DefaultServer.find(DefaultServer.java:1058)
	at io.ebeaninternal.server.core.DefaultServer.find(DefaultServer.java:1048)
	at io.ebean.Finder.byId(Finder.java:148)
	at models.User.authenticate(User.java:63)
	at controllers.UserController.validate(UserController.java:108)
	at controllers.UserController.authenticate(UserController.java:90)
	at router.Routes$$anonfun$routes$1.$anonfun$applyOrElse$8(Routes.scala:860)
	at play.core.routing.HandlerInvokerFactory$$anon$3.resultCall(HandlerInvoker.scala:134)
	at play.core.routing.HandlerInvokerFactory$$anon$3.resultCall(HandlerInvoker.scala:133)
	at play.core.routing.HandlerInvokerFactory$JavaActionInvokerFactory$$anon$8$$anon$2$$anon$1.invocation(HandlerInvoker.scala:108)
	at play.core.j.JavaAction$$anon$1.call(JavaAction.scala:88)
	at play.http.DefaultActionCreator$1.call(DefaultActionCreator.java:31)
	at play.core.j.JavaAction.$anonfun$apply$8(JavaAction.scala:138)
	at scala.concurrent.Future$.$anonfun$apply$1(Future.scala:655)
	at scala.util.Success.$anonfun$map$1(Try.scala:251)
	at scala.util.Success.map(Try.scala:209)
	at scala.concurrent.Future.$anonfun$map$1(Future.scala:289)
	at scala.concurrent.impl.Promise.liftedTree1$1(Promise.scala:29)
	at scala.concurrent.impl.Promise.$anonfun$transform$1(Promise.scala:29)
	at scala.concurrent.impl.CallbackRunnable.run(Promise.scala:60)
	at play.core.j.HttpExecutionContext$$anon$2.run(HttpExecutionContext.scala:56)
	at play.api.libs.streams.Execution$trampoline$.execute(Execution.scala:70)
	at play.core.j.HttpExecutionContext.execute(HttpExecutionContext.scala:48)
	at scala.concurrent.impl.CallbackRunnable.executeWithValue(Promise.scala:68)
	at scala.concurrent.impl.Promise$KeptPromise$Kept.onComplete(Promise.scala:368)
	at scala.concurrent.impl.Promise$KeptPromise$Kept.onComplete$(Promise.scala:367)
	at scala.concurrent.impl.Promise$KeptPromise$Successful.onComplete(Promise.scala:375)
	at scala.concurrent.impl.Promise.transform(Promise.scala:29)
	at scala.concurrent.impl.Promise.transform$(Promise.scala:27)
	at scala.concurrent.impl.Promise$KeptPromise$Successful.transform(Promise.scala:375)
	at scala.concurrent.Future.map(Future.scala:289)
	at scala.concurrent.Future.map$(Future.scala:289)
	at scala.concurrent.impl.Promise$KeptPromise$Successful.map(Promise.scala:375)
	at scala.concurrent.Future$.apply(Future.scala:655)
	at play.core.j.JavaAction.apply(JavaAction.scala:138)
	at play.api.mvc.Action.$anonfun$apply$2(Action.scala:96)
	at scala.concurrent.Future.$anonfun$flatMap$1(Future.scala:304)
	... 13 common frames omitted
2019-05-15 15:09:51,186 [ERROR] from application in application-akka.actor.default-dispatcher-27 - 

! @7bp590jbo - Internal server error, for (POST) [/register] ->
 
play.api.http.HttpErrorHandlerExceptions$$anon$1: Execution exception[[IllegalStateException: JSR-303 validated property 'email' does not have a corresponding accessor for data binding - check your DataBinder's configuration (bean property versus direct field access)]]
	at play.api.http.HttpErrorHandlerExceptions$.throwableToUsefulException(HttpErrorHandler.scala:251)
	at play.api.http.DefaultHttpErrorHandler.onServerError(HttpErrorHandler.scala:178)
	at play.core.server.AkkaHttpServer$$anonfun$1.applyOrElse(AkkaHttpServer.scala:363)
	at play.core.server.AkkaHttpServer$$anonfun$1.applyOrElse(AkkaHttpServer.scala:361)
	at scala.concurrent.Future.$anonfun$recoverWith$1(Future.scala:414)
	at scala.concurrent.impl.Promise.$anonfun$transformWith$1(Promise.scala:37)
	at scala.concurrent.impl.CallbackRunnable.run(Promise.scala:60)
	at akka.dispatch.BatchingExecutor$AbstractBatch.processBatch(BatchingExecutor.scala:55)
	at akka.dispatch.BatchingExecutor$BlockableBatch.$anonfun$run$1(BatchingExecutor.scala:91)
	at scala.runtime.java8.JFunction0$mcV$sp.apply(JFunction0$mcV$sp.java:12)
	at scala.concurrent.BlockContext$.withBlockContext(BlockContext.scala:81)
	at akka.dispatch.BatchingExecutor$BlockableBatch.run(BatchingExecutor.scala:91)
	at akka.dispatch.TaskInvocation.run(AbstractDispatcher.scala:40)
	at akka.dispatch.ForkJoinExecutorConfigurator$AkkaForkJoinTask.exec(ForkJoinExecutorConfigurator.scala:43)
	at akka.dispatch.forkjoin.ForkJoinTask.doExec(ForkJoinTask.java:260)
	at akka.dispatch.forkjoin.ForkJoinPool$WorkQueue.runTask(ForkJoinPool.java:1339)
	at akka.dispatch.forkjoin.ForkJoinPool.runWorker(ForkJoinPool.java:1979)
	at akka.dispatch.forkjoin.ForkJoinWorkerThread.run(ForkJoinWorkerThread.java:107)
Caused by: java.lang.IllegalStateException: JSR-303 validated property 'email' does not have a corresponding accessor for data binding - check your DataBinder's configuration (bean property versus direct field access)
	at play.data.Form.addConstraintViolationToBindingResult(Form.java:456)
	at play.data.Form.lambda$bind$8(Form.java:540)
	at java.lang.Iterable.forEach(Unknown Source)
	at play.data.Form.bind(Form.java:540)
	at play.data.Form.bindFromRequest(Form.java:280)
	at controllers.UserController.save(UserController.java:136)
	at router.Routes$$anonfun$routes$1.$anonfun$applyOrElse$28(Routes.scala:920)
	at play.core.routing.HandlerInvokerFactory$$anon$3.resultCall(HandlerInvoker.scala:134)
	at play.core.routing.HandlerInvokerFactory$$anon$3.resultCall(HandlerInvoker.scala:133)
	at play.core.routing.HandlerInvokerFactory$JavaActionInvokerFactory$$anon$8$$anon$2$$anon$1.invocation(HandlerInvoker.scala:108)
	at play.core.j.JavaAction$$anon$1.call(JavaAction.scala:88)
	at play.http.DefaultActionCreator$1.call(DefaultActionCreator.java:31)
	at play.core.j.JavaAction.$anonfun$apply$8(JavaAction.scala:138)
	at scala.concurrent.Future$.$anonfun$apply$1(Future.scala:655)
	at scala.util.Success.$anonfun$map$1(Try.scala:251)
	at scala.util.Success.map(Try.scala:209)
	at scala.concurrent.Future.$anonfun$map$1(Future.scala:289)
	at scala.concurrent.impl.Promise.liftedTree1$1(Promise.scala:29)
	at scala.concurrent.impl.Promise.$anonfun$transform$1(Promise.scala:29)
	at scala.concurrent.impl.CallbackRunnable.run(Promise.scala:60)
	at play.core.j.HttpExecutionContext$$anon$2.run(HttpExecutionContext.scala:56)
	at play.api.libs.streams.Execution$trampoline$.execute(Execution.scala:70)
	at play.core.j.HttpExecutionContext.execute(HttpExecutionContext.scala:48)
	at scala.concurrent.impl.CallbackRunnable.executeWithValue(Promise.scala:68)
	at scala.concurrent.impl.Promise$KeptPromise$Kept.onComplete(Promise.scala:368)
	at scala.concurrent.impl.Promise$KeptPromise$Kept.onComplete$(Promise.scala:367)
	at scala.concurrent.impl.Promise$KeptPromise$Successful.onComplete(Promise.scala:375)
	at scala.concurrent.impl.Promise.transform(Promise.scala:29)
	at scala.concurrent.impl.Promise.transform$(Promise.scala:27)
	at scala.concurrent.impl.Promise$KeptPromise$Successful.transform(Promise.scala:375)
	at scala.concurrent.Future.map(Future.scala:289)
	at scala.concurrent.Future.map$(Future.scala:289)
	at scala.concurrent.impl.Promise$KeptPromise$Successful.map(Promise.scala:375)
	at scala.concurrent.Future$.apply(Future.scala:655)
	at play.core.j.JavaAction.apply(JavaAction.scala:138)
	at play.api.mvc.Action.$anonfun$apply$2(Action.scala:96)
	at scala.concurrent.Future.$anonfun$flatMap$1(Future.scala:304)
	... 13 common frames omitted
Caused by: org.springframework.beans.NotReadablePropertyException: Invalid property 'email' of bean class [models.User]: Bean property 'email' is not readable or has an invalid getter method: Does the return type of the getter match the parameter type of the setter?
	at org.springframework.beans.AbstractNestablePropertyAccessor.getPropertyValue(AbstractNestablePropertyAccessor.java:633)
	at org.springframework.beans.AbstractNestablePropertyAccessor.getPropertyValue(AbstractNestablePropertyAccessor.java:624)
	at org.springframework.validation.AbstractPropertyBindingResult.getActualFieldValue(AbstractPropertyBindingResult.java:99)
	at org.springframework.validation.AbstractBindingResult.rejectValue(AbstractBindingResult.java:108)
	at play.data.Form.addConstraintViolationToBindingResult(Form.java:448)
	... 49 common frames omitted
2019-05-15 15:10:14,984 [ERROR] from application in application-akka.actor.default-dispatcher-23 - 

! @7bp5922h7 - Internal server error, for (GET) [/orders/finalize?csrfToken=a46f87bf7323ed44444855fb06c7be88b6cbe279-1557925812961-d9360ebe4cc10d7652a8ce5c&description=] ->
 
play.api.http.HttpErrorHandlerExceptions$$anon$1: Execution exception[[NullPointerException: null]]
	at play.api.http.HttpErrorHandlerExceptions$.throwableToUsefulException(HttpErrorHandler.scala:251)
	at play.api.http.DefaultHttpErrorHandler.onServerError(HttpErrorHandler.scala:178)
	at play.core.server.AkkaHttpServer$$anonfun$1.applyOrElse(AkkaHttpServer.scala:363)
	at play.core.server.AkkaHttpServer$$anonfun$1.applyOrElse(AkkaHttpServer.scala:361)
	at scala.concurrent.Future.$anonfun$recoverWith$1(Future.scala:414)
	at scala.concurrent.impl.Promise.$anonfun$transformWith$1(Promise.scala:37)
	at scala.concurrent.impl.CallbackRunnable.run(Promise.scala:60)
	at akka.dispatch.BatchingExecutor$AbstractBatch.processBatch(BatchingExecutor.scala:55)
	at akka.dispatch.BatchingExecutor$BlockableBatch.$anonfun$run$1(BatchingExecutor.scala:91)
	at scala.runtime.java8.JFunction0$mcV$sp.apply(JFunction0$mcV$sp.java:12)
	at scala.concurrent.BlockContext$.withBlockContext(BlockContext.scala:81)
	at akka.dispatch.BatchingExecutor$BlockableBatch.run(BatchingExecutor.scala:91)
	at akka.dispatch.TaskInvocation.run(AbstractDispatcher.scala:40)
	at akka.dispatch.ForkJoinExecutorConfigurator$AkkaForkJoinTask.exec(ForkJoinExecutorConfigurator.scala:43)
	at akka.dispatch.forkjoin.ForkJoinTask.doExec(ForkJoinTask.java:260)
	at akka.dispatch.forkjoin.ForkJoinPool$WorkQueue.runTask(ForkJoinPool.java:1339)
	at akka.dispatch.forkjoin.ForkJoinPool.runWorker(ForkJoinPool.java:1979)
	at akka.dispatch.forkjoin.ForkJoinWorkerThread.run(ForkJoinWorkerThread.java:107)
Caused by: java.lang.NullPointerException: null
	at controllers.CartController.makeOrder(CartController.java:87)
	at router.Routes$$anonfun$routes$1.$anonfun$applyOrElse$42(Routes.scala:962)
	at play.core.routing.HandlerInvokerFactory$$anon$3.resultCall(HandlerInvoker.scala:134)
	at play.core.routing.HandlerInvokerFactory$$anon$3.resultCall(HandlerInvoker.scala:133)
	at play.core.routing.HandlerInvokerFactory$JavaActionInvokerFactory$$anon$8$$anon$2$$anon$1.invocation(HandlerInvoker.scala:108)
	at play.core.j.JavaAction$$anon$1.call(JavaAction.scala:88)
	at play.http.DefaultActionCreator$1.call(DefaultActionCreator.java:31)
	at play.core.j.JavaAction.$anonfun$apply$8(JavaAction.scala:138)
	at scala.concurrent.Future$.$anonfun$apply$1(Future.scala:655)
	at scala.util.Success.$anonfun$map$1(Try.scala:251)
	at scala.util.Success.map(Try.scala:209)
	at scala.concurrent.Future.$anonfun$map$1(Future.scala:289)
	at scala.concurrent.impl.Promise.liftedTree1$1(Promise.scala:29)
	at scala.concurrent.impl.Promise.$anonfun$transform$1(Promise.scala:29)
	at scala.concurrent.impl.CallbackRunnable.run(Promise.scala:60)
	at play.core.j.HttpExecutionContext$$anon$2.run(HttpExecutionContext.scala:56)
	at play.api.libs.streams.Execution$trampoline$.execute(Execution.scala:70)
	at play.core.j.HttpExecutionContext.execute(HttpExecutionContext.scala:48)
	at scala.concurrent.impl.CallbackRunnable.executeWithValue(Promise.scala:68)
	at scala.concurrent.impl.Promise$KeptPromise$Kept.onComplete(Promise.scala:368)
	at scala.concurrent.impl.Promise$KeptPromise$Kept.onComplete$(Promise.scala:367)
	at scala.concurrent.impl.Promise$KeptPromise$Successful.onComplete(Promise.scala:375)
	at scala.concurrent.impl.Promise.transform(Promise.scala:29)
	at scala.concurrent.impl.Promise.transform$(Promise.scala:27)
	at scala.concurrent.impl.Promise$KeptPromise$Successful.transform(Promise.scala:375)
	at scala.concurrent.Future.map(Future.scala:289)
	at scala.concurrent.Future.map$(Future.scala:289)
	at scala.concurrent.impl.Promise$KeptPromise$Successful.map(Promise.scala:375)
	at scala.concurrent.Future$.apply(Future.scala:655)
	at play.core.j.JavaAction.apply(JavaAction.scala:138)
	at play.api.mvc.Action.$anonfun$apply$2(Action.scala:96)
	at play.api.libs.streams.StrictAccumulator.$anonfun$mapFuture$4(Accumulator.scala:174)
	at scala.util.Try$.apply(Try.scala:209)
	at play.api.libs.streams.StrictAccumulator.$anonfun$mapFuture$3(Accumulator.scala:174)
	at scala.Function1.$anonfun$andThen$1(Function1.scala:52)
	at play.api.libs.streams.StrictAccumulator.run(Accumulator.scala:207)
	at play.core.server.AkkaHttpServer.$anonfun$runAction$4(AkkaHttpServer.scala:357)
	at akka.http.scaladsl.util.FastFuture$.strictTransform$1(FastFuture.scala:41)
	at akka.http.scaladsl.util.FastFuture$.$anonfun$transformWith$3(FastFuture.scala:51)
	... 12 common frames omitted
